<?xml version="1.0" encoding="UTF-8"?>
<!-- Generated by org.testng.reporters.JUnitReportReporter -->
<testsuite hostname="DESKTOP-UBQJ9QQ" name="com.naukri.test.UploadResume" tests="1" failures="0" timestamp="22 Mar 2021 08:51:01 GMT" time="17.694" errors="0">
  <testcase name="testUploadResume" time="17.694" classname="com.naukri.test.UploadResume"/>
</testsuite> <!-- com.naukri.test.UploadResume -->
