<?xml version="1.0" encoding="UTF-8"?>
<!-- Generated by org.testng.reporters.JUnitReportReporter -->
<testsuite name="com.naukri.test.UploadResume" tests="1" time="74.855" ignored="0" failures="0" timestamp="22 Apr 2020 11:52:54 GMT" skipped="0" hostname="DESKTOP-UBQJ9QQ" errors="0">
  <testcase name="testUploadResume" time="74.855" classname="com.naukri.test.UploadResume"/>
</testsuite> <!-- com.naukri.test.UploadResume -->
